0, 1551, 0, 5242.4598, 24.2787
8.4214280668851656e-74, 1519, 0, 5242.4598, 20.5254
0.00014077032873127462, 1533, 0, 5242.4598, 29.5033
0.00058377288698152846, 1394, 0, 5242.4598, 27.4381
0.00070447763314220209, 1390, 0, 5242.4598, 27.3636
0.0010631027803066849, 1388, 0, 5242.4598, 27.386
0.0013030784739327592, 1484, 0, 5242.4598, 21.8808
0.0018513924078769923, 1480, 0, 5242.4598, 17.9426
0.0033570931409726348, 1524, 0, 5242.4598, 17.5561
0.0033754827947777731, 1520, 0, 5242.4598, 17.4946
0.0040537090701878485, 1334, 0, 5242.4598, 24.3925
0.0043986869970567381, 1344, 0, 5242.4598, 26.1809
0.0046710594071913717, 1342, 0, 5242.4598, 26.1961
0.0052344383802749887, 1362, 0, 5242.4598, 26.4759
0.0062908650849853032, 1342, 0, 5242.4598, 26.1627
0.0076543470698490551, 1410, 0, 5242.4598, 27.5992
0.0086106550421499554, 1582, 0, 5242.4598, 28.8502
0.0087284435686758952, 1354, 0, 5242.4598, 27.3521
0.0088403849353233012, 1370, 0, 5242.4598, 27.1706
0.0090720462133201292, 1432, 0, 5242.4598, 28.3387
0.0091804942659107162, 1365, 0, 5242.4598, 26.7931
0.0095095298634620701, 1383, 0, 5242.4598, 27.0897
0.0095129077039612323, 1357, 0, 5242.4598, 26.523
0.0095473157098917745, 1706, 0, 5242.4598, 32.3622
0.01012551324431004, 1712, 0, 5242.4598, 32.5135
0.011266476473320556, 1708, 0, 5242.4598, 32.5096
0.011455968539933409, 1694, 0, 5242.4598, 32.3183
0.012122861775943459, 1692, 0, 5242.4598, 32.3409
0.012924105859404874, 1756, 0, 5242.4598, 33.5094
0.013625725098281602, 1746, 0, 5242.4598, 30.4064
0.013649595556298102, 1694, 0, 5242.4598, 29.177
0.01367195844579432, 1266, 0, 5242.4598, 24.8697
0.013783818228988658, 1366, 0, 5242.4598, 27.0403
0.013817345368595618, 1114, 0, 5242.4598, 22.6855
0.015512084401205082, 1112, 0, 5242.4598, 22.679
0.015945989107190337, 1130, 0, 5242.4598, 22.9893
0.016001649073138828, 1190, 0, 5242.4598, 16.2445
0.016071392146717208, 1194, 0, 5242.4598, 14.0348
0.016308197250638919, 1375, 0, 5242.4598, 18.277
0.016561311966736218, 1477, 0, 5242.4598, 27.241
0.016937287827799883, 1473, 0, 5242.4598, 27.2113
0.016962387127267432, 1479, 0, 5242.4598, 26.9994
0.016972999844816247, 1477, 0, 5242.4598, 24.6267
0.017673818826560779, 1473, 0, 5242.4598, 27.3629
0.017873674855394171, 1475, 0, 5242.4598, 27.423
0.018207466344708489, 1447, 0, 5242.4598, 20.7016
0.019063841688621765, 1527, 0, 5242.4598, 30.0911
0.01931129451681065, 1529, 0, 5242.4598, 30.1613
0.019964233092374644, 1521, 0, 5242.4598, 29.8732
0.02053159858393826, 1551, 0, 5242.4598, 30.2869
0.020740032524610964, 1487, 0, 5242.4598, 29.3865
0.021371786290537171, 1493, 0, 5242.4598, 28.4228
0.021393258055607302, 1307, 0, 5242.4598, 25.5564
0.021632991271240892, 1277, 0, 5242.4598, 25.2485
0.021930916685037705, 1279, 0, 5242.4598, 25.3369
0.02215134900342336, 1275, 0, 5242.4598, 25.2342
0.02219540943380769, 1277, 0, 5242.4598, 25.2485
0.02244731812402654, 1279, 0, 5242.4598, 25.3274
0.022849208801446079, 1270, 0, 5242.4598, 23.5072
0.022916590572392231, 1268, 0, 5242.4598, 14.3629
0.023878669675467035, 1290, 0, 5242.4598, 14.5056
0.023940431679194813, 1276, 0, 5242.4598, 14.4599
0.024072153618883835, 1272, 0, 5242.4598, 18.1566
0.025758754910340187, 1274, 0, 5242.4598, 14.3886
0.025811418216886258, 1210, 0, 5242.4598, 13.7411
0.026518246321849712, 1216, 0, 5242.4598, 13.7678
0.027087016334381285, 1212, 0, 5242.4598, 13.7301
0.027111165190704264, 1330, 0, 5242.4598, 14.3152
0.027471245414741458, 1332, 0, 5242.4598, 14.3069
0.02788244210045358, 1833, 0, 5242.4598, 19.4577
0.028043896764221636, 1827, 0, 5242.4598, 31.1756
0.028167203051598266, 1808, 0, 5242.4598, 32.0705
0.028237917735247548, 1829, 0, 5242.4598, 32.5092
0.028293080324648431, 1839, 0, 5242.4598, 32.0213
0.028330455155331107, 1771, 0, 5242.4598, 31.7645
0.028793233561757371, 1665, 0, 5242.4598, 30.0051
0.028930076477525723, 1692, 0, 5242.4598, 30.4475
0.029153241207707042, 1647, 0, 5242.4598, 29.5179
0.02937831082503704, 1627, 0, 5242.4598, 29.2683
0.029421696271484849, 1863, 4.9965508085780771e-06, 5242.4598, 31.2862
0.030250458379163323, 1860, 4.9965508085780771e-06, 5242.4598, 18.97
0.030251757334663957, 1856, 4.9965508085780771e-06, 5242.4598, 18.881
0.030662541925976183, 1858, 4.9965508085780771e-06, 5242.4598, 18.8023
0.030784101725112315, 1852, 4.9965508085780771e-06, 5242.4598, 18.8317
0.031777854095838172, 1858, 4.9965508085780771e-06, 5242.4598, 19.0619
0.032272546653537626, 1840, 4.9965508085780771e-06, 5242.4598, 31.1166
0.032303611454147084, 1852, 4.9965508085780771e-06, 5242.4598, 32.1566
0.032752431069480226, 1836, 4.9965508085780771e-06, 5242.4598, 31.6461
0.032792895122172094, 1842, 4.9965508085780771e-06, 5242.4598, 31.7898
0.033269928125579135, 1850, 4.9965508085780771e-06, 5242.4598, 31.7918
0.033396074168165243, 1847, 4.9965508085780771e-06, 5242.4598, 18.7432
0.034586402445669809, 1845, 4.9965508085780771e-06, 5242.4598, 31.1632
0.035388932463293096, 1894, 4.9965508085780763e-06, 5242.4598, 25.1943
0.036531889669654788, 1885, 4.9965508085780763e-06, 5242.4598, 19.189
0.036592693230969503, 1895, 4.9965508085780763e-06, 5242.4598, 19.1552
0.036602975262319232, 1891, 4.6629258866450442e-05, 5242.4598, 19.8663
0.037483995878965871, 1889, 4.6629258866450442e-05, 5242.4598, 32.4181
0.037526914811002898, 1945, 0, 5242.4598, 33.4811
0.038117973625460357, 1939, 0, 5242.4598, 33.3931
0.038342994348357418, 1944, 0, 5242.4598, 19.7003
0.038671405967973894, 1942, 0, 5242.4598, 19.6851
0.038900090964704571, 1864, 4.9965508094455075e-06, 5242.4598, 27.0656
0.039308073578348278, 1866, 4.9965508094455075e-06, 5242.4598, 32.627
0.039466762554074782, 1942, 4.9965508092720216e-06, 5242.4598, 22.1738
0.039541438146122626, 1946, 0, 5242.4598, 20.2899
0.040241322473219765, 1918, 4.9965508094455075e-06, 5242.4598, 19.8488
0.041296899353357674, 1920, 4.9965508094455075e-06, 5242.4598, 19.8868
0.04131997468929556, 1934, 4.9965508094455075e-06, 5242.4598, 19.9627
0.041494880722002213, 1964, 4.9965508094455075e-06, 5242.4598, 25.7593
0.04230080425923094, 1793, 0, 5242.4598, 32.0382
0.043214600709159279, 1791, 0, 5242.4598, 32.0577
0.043289377342921646, 1818, 0, 5242.4598, 32.415
0.043467579757703489, 1805, 0, 5242.4598, 32.2254
0.043472775154912879, 1821, 0, 5242.4598, 32.5351
0.043500796147497134, 1483, 0, 5242.4598, 29.1668
0.043543739606007041, 1499, 0, 5242.4598, 28.9674
0.044329649064442617, 1323, 0, 5242.4598, 25.9038
0.045134642608464899, 1359, 0, 5242.4598, 25.0496
0.04577655558614737, 1385, 0, 5242.4598, 25.8892
0.04587783197037603, 1387, 0, 5242.4598, 25.9327
0.046174826324523632, 1047, 0, 5242.4598, 19.7226
0.046207654855971093, 1049, 0, 5242.4598, 19.6988
0.047153320989158885, 1051, 0, 5242.4598, 19.7863
0.047543394541904961, 1043, 0, 5242.4598, 19.6323
0.047595354492426974, 1095, 0, 5242.4598, 22.6757
0.048027088760161658, 1043, 0, 5242.4598, 21.53
0.048301749626616666, 1047, 0, 5242.4598, 21.5368
0.048420443051984126, 1035, 0, 5242.4598, 21.4485
0.049105139906762539, 1029, 0, 5242.4598, 21.2656
0.049127676455402086, 1063, 0, 5242.4598, 21.457
0.049292774425842588, 1065, 0, 5242.4598, 21.4736
0.049316611656041967, 1067, 0, 5242.4598, 21.5717
0.049673183229049366, 1053, 0, 5242.4598, 21.317
0.050124536279395358, 1055, 0, 5242.4598, 21.3335
0.051194374489406676, 1057, 0, 5242.4598, 21.3826
0.051337887325479996, 1033, 0, 5242.4598, 21.0551
0.051932048385753479, 1041, 0, 5242.4598, 21.2041
0.052954928248403726, 1173, 0, 5242.4598, 23.9588
0.052958554199147766, 1177, 0, 5242.4598, 23.9559
0.05328173839639664, 1175, 0, 5242.4598, 23.9195
0.053402142297236804, 1187, 0, 5242.4598, 24.2397
0.053426822123533557, 1163, 0, 5242.4598, 23.8762
0.053652617823649065, 1199, 0, 5242.4598, 23.9915
0.05388751871106702, 1193, 0, 5242.4598, 23.8479
0.05389948977023673, 1195, 0, 5242.4598, 23.9156
0.053975523609316602, 1157, 0, 5242.4598, 23.2968
0.053978455626189602, 1387, 2.9753691792578974e-07, 5242.4598, 27.5736
0.053990857223939231, 1332, 0, 5242.4598, 26.2345
0.054138202987074439, 1249, 0, 5242.4598, 25.2023
0.054235892865398046, 1209, 0, 5242.4598, 23.6445
0.054332482434027322, 1195, 0, 5242.4598, 23.3782
0.054611450344653117, 1199, 0, 5242.4598, 23.5259
0.055239586090301628, 1281, 0, 5242.4598, 24.0433
0.055244718273753705, 1279, 0, 5242.4598, 24.0277
0.055506132988408514, 1289, 0, 5242.4598, 24.1949
0.056520828302546476, 1301, 0, 5242.4598, 24.3932
0.056743318847353771, 1309, 0, 5242.4598, 24.4464
0.056839397571196937, 1073, 0, 5242.4598, 11.6971
0.056956998285520109, 1045, 0, 5242.4598, 11.4698
0.05754229699952771, 1077, 0, 5242.4598, 11.7268
0.057611693389162576, 1197, 0, 5242.4598, 12.7706
0.05775892406109695, 1195, 0, 5242.4598, 12.7671
0.057976891528501759, 1119, 0, 5242.4598, 12.5782
0.058088980923788468, 1125, 0, 5242.4598, 12.6151
0.058174258027367656, 1091, 0, 5242.4598, 12.0727
0.058847121625145195, 1105, 0, 5242.4598, 12.3578
0.058962775350736504, 1095, 0, 5242.4598, 12.1967
0.058964495129432401, 1081, 0, 5242.4598, 12.0956
0.059026304520437979, 1265, 0, 5242.4598, 14.9637
0.059107364789337577, 1299, 0, 5242.4598, 15.2449
0.059393008893113539, 1303, 0, 5242.4598, 15.3086
0.059736694423731654, 1305, 0, 5242.4598, 15.3258
0.060168728931780456, 1241, 0, 5242.4598, 14.2923
0.060646407273477816, 1167, 0, 5242.4598, 13.4599
0.061693338673465173, 1210, 0, 5242.4598, 13.4218
0.063148403559282737, 1119, 0, 5242.4598, 13.0237
0.064179801750963758, 1083, 0, 5242.4598, 12.588
0.064352769994404785, 1079, 0, 5242.4598, 12.6001
0.064842555121323378, 1071, 0, 5242.4598, 12.4845
0.064844474090528653, 1075, 0, 5242.4598, 12.4991
0.066040601194254298, 1081, 0, 5242.4598, 12.8193
0.066235563818108287, 1180, 1.9385844328721181e-05, 5242.4598, 13.5971
0.067349963421030209, 1093, 0, 5242.4598, 12.574
0.067511940206080506, 1095, 0, 5242.4598, 12.5394
0.06761270123044498, 1055, 0, 5242.4598, 12.2548
0.067688076481614692, 1075, 0, 5242.4598, 12.3094
0.068096576287158331, 1249, 0, 5242.4598, 14.2791
0.068606421609854459, 1087, 0, 5242.4598, 12.1307
0.068642924624721269, 1035, 0, 5242.4598, 11.4496
0.068736911231149167, 1043, 0, 5242.4598, 11.5548
0.068842337710385046, 1035, 0, 5242.4598, 11.2586
0.069002639065820562, 1047, 0, 5242.4598, 11.4371
0.069153706007059917, 1033, 0, 5242.4598, 11.4212
0.069460996910714112, 1031, 0, 5242.4598, 11.3869
0.069588862902832962, 1033, 0, 5242.4598, 11.4657
0.069642367203050698, 1075, 0, 5242.4598, 12.2003
0.070726751768948048, 1073, 0, 5242.4598, 12.1743
0.072209578695001386, 1069, 0, 5242.4598, 12.2138
0.07318574414231821, 951, 0, 5242.4598, 10.5992
0.073514349702518855, 969, 0, 5242.4598, 10.7692
0.073768851156329487, 965, 0, 5242.4598, 10.7312
0.074040586252370047, 957, 0, 5242.4598, 10.6624
0.074136544554833206, 963, 0, 5242.4598, 10.7129
0.074579774007290642, 961, 0, 5242.4598, 10.6862
0.075391749175137746, 963, 0, 5242.4598, 10.7259
0.075468131008578299, 983, 0, 5242.4598, 10.9572
0.075532945250159217, 985, 0, 5242.4598, 10.9966
0.075762941560211849, 895, 0, 5242.4598, 9.7852
0.076285399321402589, 881, 0, 5242.4598, 9.81222
0.076534971367644949, 867, 0, 5242.4598, 9.68814
0.076954528354821874, 1043, 0, 5242.4598, 11.3351
0.076954781509743914, 1011, 0, 5242.4598, 11.1508
0.077002507809663098, 814, 0, 5242.4598, 8.74482
0.077283574594593105, 878, 0, 5242.4598, 9.35464
0.077732417881834617, 882, 0, 5242.4598, 9.32291
0.078082164867665435, 868, 0, 5242.4598, 9.13476
0.078604614187647068, 852, 0, 5242.4598, 8.92591
0.078664585826717287, 832, 0, 5242.4598, 8.90744
0.078990502178392458, 1019, 0, 5242.4598, 10.4696
0.079122735833445298, 1023, 0, 5242.4598, 10.4647
0.079225046631473187, 975, 0, 5242.4598, 9.98834
0.0793484315773548, 954, 0, 5242.4598, 9.96647
0.080269684859622631, 956, 0, 5242.4598, 9.94018
0.080858551623099156, 958, 0, 5242.4598, 9.94811
0.080938160477277948, 948, 0, 5242.4598, 9.92768
0.081438250025036171, 975, 0, 5242.4598, 10.1635
0.081511404961293527, 979, 0, 5242.4598, 10.2392
0.081517661512744505, 1282, 0, 5242.4598, 13.5767
0.08234388200506873, 1271, 0, 5242.4598, 12.8813
0.082470241404321729, 1239, 0, 5242.4598, 12.4743
0.082760166114084502, 1201, 0, 5242.4598, 12.2024
0.08291928122939983, 928, 0, 5242.4598, 9.13029
0.083110309140742938, 924, 0, 5242.4598, 9.1301
0.083126469885749052, 1049, 0, 5242.4598, 10.1035
0.083149185235594072, 1072, 0, 5242.4598, 10.2242
0.083398703487353953, 895, 0, 5242.4598, 8.96159
0.083548775797997188, 907, 0, 5242.4598, 8.98133
0.083743619558684174, 899, 0, 5242.4598, 8.90674
0.084023268338426244, 911, 0, 5242.4598, 8.98876
0.084032740689431965, 1164, 0, 5242.4598, 11.5506
0.084045783800550916, 1178, 0, 5242.4598, 11.6808
0.084287514495855892, 1132, 0, 5242.4598, 11.282
0.085068641023794078, 912, 0, 5242.4598, 8.76427
0.085366329885355974, 922, 0, 5242.4598, 8.83177
0.086158524123720159, 916, 0, 5242.4598, 8.77672
0.086733103314232604, 919, 0, 5242.4598, 8.83971
0.087699371805210868, 935, 0, 5242.4598, 8.95888
0.087869045646965169, 824, 0, 5242.4598, 8.44003
0.088937923588745402, 856, 0, 5242.4598, 8.76947
0.090061747364342429, 862, 0, 5242.4598, 8.80414
0.090172375431301591, 900, 0, 5242.4598, 9.18054
0.090446147908750635, 902, 0, 5242.4598, 9.15448
0.090663877283165856, 936, 0, 5242.4598, 9.50024
0.09067483277439399, 940, 0, 5242.4598, 9.51627
0.090700498521030321, 877, 0, 5242.4598, 9.01174
0.090755614003335011, 863, 0, 5242.4598, 9.00557
0.092116683019116435, 865, 0, 5242.4598, 8.99914
0.092356427487436318, 835, 0, 5242.4598, 8.74197
0.092827995696786111, 1034, 0, 5242.4598, 10.5202
0.09365216214893958, 1038, 0, 5242.4598, 10.5609
0.093758710146191845, 1028, 0, 5242.4598, 10.4796
0.094006627796155276, 1038, 0, 5242.4598, 10.5557
0.094023752967861543, 1042, 0, 5242.4598, 10.5898
0.094319795667783729, 799, 0, 5242.4598, 7.99728
0.094795466510440851, 809, 0, 5242.4598, 8.10055
0.095686978730884595, 803, 0, 5242.4598, 8.04119
0.095705907222325345, 831, 0, 5242.4598, 8.3727
0.095953747813935786, 771, 0, 5242.4598, 7.86095
0.095974883415198345, 777, 0, 5242.4598, 7.88564
0.096128226169359149, 753, 0, 5242.4598, 7.77187
0.096691327825173826, 759, 0, 5242.4598, 7.80109
0.097083247481599952, 922, 0, 5242.4598, 9.32505
0.097247693562789117, 954, 0, 5242.4598, 9.60137
0.097551769387252046, 958, 0, 5242.4598, 9.66131
0.097668810684677754, 956, 0, 5242.4598, 9.58574
0.098532357752303651, 916, 0, 5242.4598, 9.28471
0.098901080199491162, 920, 0, 5242.4598, 9.32667
0.099411962957913519, 922, 0, 5242.4598, 9.32013
0.09961556820673996, 924, 0, 5242.4598, 9.36803
0.09981760073366007, 920, 0, 5242.4598, 9.29377
0.10086781784002206, 904, 0, 5242.4598, 9.23813
0.10095200834962396, 898, 0, 5242.4598, 9.15794
0.10106433555376958, 934, 0, 5242.4598, 9.39679
0.10131421704891068, 938, 0, 5242.4598, 9.42311
0.10134865894417677, 936, 0, 5242.4598, 9.41573
0.10203910821424618, 940, 0, 5242.4598, 9.44979
0.10313813968621931, 823, 0, 5242.4598, 8.24013
0.10480104966139997, 853, 0, 5242.4598, 8.4865
0.10496305269686436, 851, 0, 5242.4598, 8.45335
0.10605064325601717, 801, 0, 5242.4598, 8.1377
0.10689600941850899, 788, 0, 5242.4598, 7.84947
0.10690575367314474, 842, 0, 5242.4598, 8.4212
0.10738066353312735, 836, 0, 5242.4598, 8.37389
0.10764943578253731, 886, 0, 5242.4598, 8.62919
0.10853338186839566, 888, 0, 5242.4598, 8.60775
0.10894678244826997, 996, 0, 5242.4598, 9.54401
0.1093735867127842, 1087, 0, 5242.4598, 10.6292
0.10993920623315359, 1091, 0, 5242.4598, 10.6506
0.11052557936200964, 1193, 0, 5242.4598, 11.5608
0.11082934478950685, 1171, 0, 5242.4598, 11.3017
0.11111392233846268, 810, 0, 5242.4598, 7.96799
0.1114653823274952, 806, 0, 5242.4598, 7.94961
0.11372301459689309, 804, 0, 5242.4598, 7.9536
0.11426993207799033, 802, 0, 5242.4598, 7.92995
0.11496015506818419, 804, 0, 5242.4598, 7.95212
0.11510708011088762, 800, 0, 5242.4598, 7.88217
0.11640296964069168, 837, 0, 5242.4598, 8.32411
0.11668068919656277, 857, 0, 5242.4598, 8.60043
0.11703756517153521, 850, 0, 5242.4598, 8.53608
0.11708902127532927, 858, 0, 5242.4598, 8.64156
0.11767963115533868, 856, 0, 5242.4598, 8.7052
0.11854709385010684, 871, 0, 5242.4598, 9.10311
0.12012387800871821, 736, 0, 5242.4598, 7.69186
0.12046349673139432, 750, 0, 5242.4598, 7.81631
0.12067871537524899, 749, 0, 5242.4598, 6.98049
0.12310454872757426, 824, 0, 5242.4598, 8.30805
0.12333431787504578, 828, 0, 5242.4598, 8.37052
0.1239943356474011, 822, 0, 5242.4598, 8.27419
0.12470993237057551, 830, 0, 5242.4598, 8.29476
0.12515098696508786, 828, 0, 5242.4598, 8.27288
0.12532415833929939, 836, 0, 5242.4598, 8.38084
0.12546233368058129, 838, 0, 5242.4598, 8.39037
0.12600933156413099, 819, 0, 5242.4598, 7.78216
0.12718217383237237, 829, 0, 5242.4598, 7.79709
0.12735456892851912, 960, 0, 5242.4598, 9.39307
0.12739203927181345, 962, 0, 5242.4598, 9.42876
0.12744067069601475, 1006, 0, 5242.4598, 9.89714
0.12760040117717089, 1050, 0, 5242.4598, 10.5764
0.12896109114370244, 1070, 0, 5242.4598, 10.7188
0.12917981284313718, 1072, 0, 5242.4598, 10.7543
0.13018879464462471, 1074, 0, 5242.4598, 10.774
0.13105177692518458, 1082, 0, 5242.4598, 10.8498
0.13126201212419816, 1080, 0, 5242.4598, 10.8257
0.13126281587321048, 1084, 0, 5242.4598, 10.8379
0.13145146862619209, 1040, 0, 5242.4598, 10.5144
0.13187094168643601, 835, 0, 5242.4598, 8.5038
0.13194329129799864, 781, 0, 5242.4598, 8.04899
0.13233271456266624, 783, 0, 5242.4598, 8.06473
0.13286596784151719, 785, 0, 5242.4598, 8.13169
0.1330809746364931, 773, 0, 5242.4598, 8.03515
0.13333034294978077, 731, 0, 5242.4598, 7.57212
0.13339753028563758, 735, 0, 5242.4598, 7.58807
0.13422060075727552, 733, 0, 5242.4598, 7.57227
0.1342809259748069, 735, 0, 5242.4598, 7.60428
0.13454336539211489, 811, 0, 5242.4598, 8.14226
0.13463515588364297, 783, 0, 5242.4598, 7.93914
0.13492126000931101, 791, 0, 5242.4598, 7.98491
0.13557868111145818, 739, 0, 5242.4598, 7.6793
0.13589104082307787, 751, 0, 5242.4598, 7.74433
0.13616778658905987, 769, 0, 5242.4598, 8.24529
0.13622367404825403, 767, 0, 5242.4598, 8.17306
0.13672089675068302, 757, 0, 5242.4598, 8.09887
0.13708549025611996, 777, 0, 5242.4598, 8.24102
0.13721621212542004, 747, 0, 5242.4598, 7.72586
0.13817109747672729, 667, 0, 5242.4598, 6.94947
0.13906322146672934, 653, 0, 5242.4598, 6.87866
0.13938034143383746, 867, 0, 5242.4598, 8.76222
0.14042863791094601, 823, 0, 5242.4598, 8.57033
0.14078521624848575, 825, 0, 5242.4598, 8.52305
0.14172019389839302, 743, 0, 5242.4598, 7.74498
0.14203451605779294, 753, 0, 5242.4598, 7.82627
0.14284477372567617, 735, 0, 5242.4598, 7.72231
0.143108377443559, 810, 0, 5242.4598, 8.31273
0.14328097592361191, 804, 0, 5242.4598, 8.30753
0.14346777432577046, 743, 0, 5242.4598, 7.10241
0.14407039235001298, 780, 0, 5242.4598, 7.30855
0.14477972918692095, 785, 0, 5242.4598, 7.36937
0.14480191078517135, 849, 0, 5242.4598, 8.1854
0.14498510194775802, 851, 0, 5242.4598, 8.20407
0.14528462266870726, 853, 0, 5242.4598, 8.20744
0.1461574545748198, 748, 0, 5242.4598, 7.23398
0.14639399321510482, 744, 0, 5242.4598, 7.24165
0.14693478170436788, 724, 0, 5242.4598, 7.18503
0.14702419953612691, 702, 0, 5242.4598, 6.93952
0.14839652659696692, 675, 0, 5242.4598, 7.08302
0.14989562181148261, 887, 0, 5242.4598, 8.56698
0.14995894726909731, 889, 0, 5242.4598, 8.58404
0.14998513640304678, 901, 0, 5242.4598, 8.68731
0.1501314142762287, 637, 0, 5242.4598, 6.93203
0.15131017203688255, 721, 0, 5242.4598, 7.21591
0.15212767570188779, 775, 0, 5242.4598, 7.74652
0.15304335748258238, 651, 0, 5242.4598, 6.58274
0.15378093308226362, 693, 0, 5242.4598, 7.02365
0.15411503339727997, 717, 0, 5242.4598, 7.15602
0.15426991605677259, 711, 0, 5242.4598, 7.16866
0.15502598836542567, 737, 0, 5242.4598, 7.33864
0.15639759604822304, 739, 0, 5242.4598, 7.32952
0.15678991467895156, 702, 0, 5242.4598, 7.12677
0.15704218353316807, 674, 0, 5242.4598, 6.94898
0.15724451963656133, 692, 0, 5242.4598, 7.03188
0.15731805935602675, 694, 0, 5242.4598, 7.03084
0.15838300073997691, 671, 0, 5242.4598, 7.18119
0.15869218171851338, 767, 0, 5242.4598, 7.92114
0.15897222960603924, 647, 0, 5242.4598, 7.40309
0.15954247496041948, 739, 0, 5242.4598, 7.40701
0.15963225039027498, 743, 0, 5242.4598, 7.44547
0.16082786560540188, 724, 0, 5242.4598, 7.10778
0.16093233032844018, 763, 0, 5242.4598, 7.25023
0.16131048732083275, 767, 0, 5242.4598, 7.28113
0.16146833602945934, 745, 0, 5242.4598, 7.21975
0.16417555723090987, 743, 0, 5242.4598, 7.17551
0.16442737413624625, 739, 0, 5242.4598, 7.16397
0.16466444235459043, 751, 0, 5242.4598, 7.59746
0.16552579623855695, 805, 0, 5242.4598, 7.68735
0.16555922889932284, 843, 0, 5242.4598, 8.4224
0.16595478088277307, 839, 0, 5242.4598, 8.44235
0.1660053362995394, 835, 0, 5242.4598, 8.37626
0.16615179616277601, 837, 0, 5242.4598, 8.36504
0.16631378642605171, 845, 0, 5242.4598, 8.44031
0.16797354766699932, 737, 0, 5242.4598, 7.42364
0.1679796626792717, 721, 0, 5242.4598, 7.27247
0.16846239644564009, 788, 0, 5242.4598, 7.52227
0.17008587834925221, 762, 0, 5242.4598, 7.35088
0.17037825602936674, 796, 0, 5242.4598, 7.55256
0.17067938549504791, 699, 0, 5242.4598, 7.38154
0.17085030475637472, 551, 0, 5242.4598, 6.06329
0.17122512433929407, 615, 0, 5242.4598, 6.75209
0.17268612777944556, 621, 0, 5242.4598, 6.76712
0.17424457645656569, 579, 0, 5242.4598, 6.45467
0.17490298021620915, 541, 0, 5242.4598, 6.06165
0.1753319446199253, 626, 0, 5242.4598, 6.41951
0.17562783825428094, 628, 0, 5242.4598, 6.43532
0.17699153165054202, 677, 0, 5242.4598, 6.92394
0.17741947952337256, 787, 0, 5242.4598, 7.60941
0.17802481726715486, 798, 0, 5242.4598, 7.69718
0.17816316864131598, 788, 0, 5242.4598, 7.57251
0.17896003268003755, 643, 0, 5242.4598, 6.66185
0.17904896342865961, 647, 0, 5242.4598, 6.69737
0.18029454627161182, 699, 0, 5242.4598, 7.01896
0.18095787264676172, 701, 0, 5242.4598, 7.05496
0.18119917649840497, 703, 0, 5242.4598, 7.06893
0.18140487199667213, 715, 0, 5242.4598, 7.06684
0.18206258877863438, 717, 0, 5242.4598, 7.16353
0.18268256656718748, 731, 0, 5242.4598, 7.1636
0.18300350125957843, 727, 0, 5242.4598, 6.98136
0.18482729430975176, 683, 0, 5242.4598, 6.86738
0.18493260895528027, 685, 0, 5242.4598, 6.92384
0.185008136009847, 868, 0, 5242.4598, 7.72006
0.1856788855639889, 784, 0, 5242.4598, 7.28483
0.18660209681767204, 845, 0, 5242.4598, 8.03274
0.18684159179388107, 909, 0, 5242.4598, 8.36508
0.18693398033414405, 897, 0, 5242.4598, 8.29747
0.18830305890226501, 667, 0, 5242.4598, 6.91363
0.18958655531244939, 723, 0, 5242.4598, 7.0326
0.18963862078651592, 725, 0, 5242.4598, 7.0456
0.1913233470386049, 713, 0, 5242.4598, 6.94456
0.19148525397613175, 727, 0, 5242.4598, 7.02129
0.19170972749208445, 731, 0, 5242.4598, 7.07475
0.19349110199741865, 737, 0, 5242.4598, 7.13821
0.19419429595170412, 741, 0, 5242.4598, 7.15935
0.19440265537709669, 745, 0, 5242.4598, 7.1686
0.19478287136964995, 749, 0, 5242.4598, 7.20929
0.19743519606372625, 709, 0, 5242.4598, 7.04319
0.1977892859259428, 747, 0, 5242.4598, 7.18541
0.19917714483649729, 771, 0, 5242.4598, 7.75914
0.199279956940243, 805, 0, 5242.4598, 7.62307
0.20007100570063852, 821, 0, 5242.4598, 8.08067
0.20007696649201892, 679, 0, 5242.4598, 7.29491
0.200141611898037, 681, 0, 5242.4598, 7.31632
0.20072890253943576, 687, 0, 5242.4598, 7.40927
0.20078773174223355, 689, 0, 5242.4598, 7.42202
0.20120984140443715, 685, 0, 5242.4598, 7.39241
0.20161568636474025, 775, 0, 5242.4598, 8.17739
0.20180745586713777, 753, 0, 5242.4598, 7.96433
0.20262040818494909, 755, 0, 5242.4598, 8.04321
0.20366362247787007, 681, 0, 5242.4598, 7.43186
0.20497639863784473, 637, 0, 5242.4598, 6.35178
0.20508154740140458, 805, 0, 5242.4598, 7.95058
0.20543072603460164, 823, 0, 5242.4598, 7.98735
0.20596203716651484, 824, 0, 5242.4598, 7.9766
0.20719386085042585, 810, 0, 5242.4598, 8.28443
0.20917280819578826, 841, 0, 5242.4598, 8.08243
0.20992920640878363, 963, 0, 5242.4598, 9.03817
0.21040137885201682, 953, 0, 5242.4598, 9.01432
0.2108515422525109, 779, 0, 5242.4598, 7.74819
0.21096044694956234, 961, 0, 5242.4598, 9.07095
0.21180901640427727, 965, 0, 5242.4598, 9.12796
0.21216768520510079, 1018, 0, 5242.4598, 9.42275
0.21226005814664756, 994, 0, 5242.4598, 9.30907
0.21287392654442205, 801, 0, 5242.4598, 7.9714
0.21335974706993402, 1048, 0, 5242.4598, 9.75341
0.21411991469062155, 701, 0, 5242.4598, 7.13177
0.21512838939357321, 713, 0, 5242.4598, 7.25959
0.21591393703751541, 693, 0, 5242.4598, 7.13329
0.21669935761720802, 677, 0, 5242.4598, 6.97107
0.21775259760441404, 681, 0, 5242.4598, 6.97225
0.21932191805864498, 677, 0, 5242.4598, 6.93391
0.22054118825519622, 679, 0, 5242.4598, 6.97775
0.22151622668527643, 685, 0, 5242.4598, 6.99647
0.22209495942536359, 689, 0, 5242.4598, 7.02379
0.22260680118323412, 681, 0, 5242.4598, 6.9536
0.22289753422726566, 773, 0, 5242.4598, 7.67812
0.22358790150760857, 785, 0, 5242.4598, 7.73503
0.22600100348576485, 781, 0, 5242.4598, 7.76804
0.22600298090449433, 790, 0, 5242.4598, 7.90047
0.22704654228013804, 800, 0, 5242.4598, 7.99256
0.22744813654172932, 802, 0, 5242.4598, 7.97354
0.22893496900865318, 814, 0, 5242.4598, 8.07204
0.22923929150335989, 810, 0, 5242.4598, 8.01907
0.2296170389005649, 818, 0, 5242.4598, 8.05672
0.22990664986299128, 816, 0, 5242.4598, 8.05036
0.23136954769334736, 818, 0, 5242.4598, 8.1084
0.23142106449471403, 783, 0, 5242.4598, 7.68684
0.23467728641545155, 686, 0, 5242.4598, 6.93652
0.23524747895786208, 704, 0, 5242.4598, 7.10776
0.23725023719457655, 694, 0, 5242.4598, 7.00646
0.23837529672201999, 731, 0, 5242.4598, 7.06342
0.23977213676264184, 779, 0, 5242.4598, 7.7253
0.24344467464505656, 783, 0, 5242.4598, 7.71885
0.2435444845415444, 787, 0, 5242.4598, 7.76326
0.24474390204308652, 791, 0, 5242.4598, 7.7856
0.24517534996520748, 793, 0, 5242.4598, 7.77841
0.24568742391038337, 791, 0, 5242.4598, 7.76969
0.24593379557031639, 829, 0, 5242.4598, 7.9227
0.24614349192587173, 827, 0, 5242.4598, 7.93867
0.24630913175459998, 815, 0, 5242.4598, 7.90789
0.24665304093297818, 807, 0, 5242.4598, 7.63907
0.24669608226141421, 899, 0, 5242.4598, 8.29663
0.24765044276359016, 907, 0, 5242.4598, 8.34908
0.24831683614942829, 941, 0, 5242.4598, 8.28373
0.2486318582345772, 931, 0, 5242.4598, 8.20765
0.24940849660959294, 923, 0, 5242.4598, 8.14153
0.24949241510818612, 952, 0, 5242.4598, 8.8805
0.24971359103342319, 954, 0, 5242.4598, 8.89236
0.25035306710908828, 825, 0, 5242.4598, 7.88264
0.25100561525891341, 803, 0, 5242.4598, 7.68782
0.2520601431181958, 717, 0, 5242.4598, 7.23095
0.25297217925300641, 863, 0, 5242.4598, 8.13065
0.25468131355456736, 865, 0, 5242.4598, 8.05863
0.25513259094581076, 595, 0, 5242.4598, 6.54853
0.2573866209676659, 773, 0, 5242.4598, 7.88421
0.25740056460242167, 783, 0, 5242.4598, 7.91418
0.25783532166765943, 781, 0, 5242.4598, 7.91636
0.25944683753921932, 785, 0, 5242.4598, 7.95165
0.26170217454970185, 795, 0, 5242.4598, 7.94927
0.26403996342613606, 781, 0, 5242.4598, 7.92996
0.26642677952660521, 785, 0, 5242.4598, 7.91864
0.26685785831605074, 775, 0, 5242.4598, 7.89691
0.2690470695475044, 784, 0, 5242.4598, 7.96133
0.26953505018276297, 794, 0, 5242.4598, 8.01655
0.2706906538857406, 809, 0, 5242.4598, 7.56014
0.27164124866336781, 781, 0, 5242.4598, 7.67346
0.27186512852885386, 951, 0, 5242.4598, 8.38556
0.2725727317199878, 896, 0, 5242.4598, 8.50743
0.27311854763948884, 900, 0, 5242.4598, 8.49835
0.2745368321701237, 898, 0, 5242.4598, 8.49324
0.27612822911615315, 908, 0, 5242.4598, 8.68436
0.27667853316634622, 832, 0, 5242.4598, 7.62116
0.27693273827885151, 859, 0, 5242.4598, 8.24314
0.27774319538713027, 989, 0, 5242.4598, 8.46588
0.27829683178410036, 993, 0, 5242.4598, 8.46936
0.27895630945546673, 894, 0, 5242.4598, 8.00863
0.27984839247461601, 975, 0, 5242.4598, 8.23593
0.28109919756419544, 993, 0, 5242.4598, 8.37457
0.2817402759082468, 995, 0, 5242.4598, 8.33592
0.28196329493431183, 982, 0, 5242.4598, 8.2669
0.2822120496403106, 994, 0, 5242.4598, 8.31393
0.28236029418382314, 993, 0, 5242.4598, 8.28468
0.28245958694810053, 640, 1.0807903572325265e-05, 5242.4598, 6.51881
0.28258455519608711, 642, 1.0807903572325265e-05, 5242.4598, 6.45005
0.28268715461019944, 743, 0, 5242.4598, 7.27915
0.28273387240538023, 745, 0, 5242.4598, 7.28631
0.28355873026301776, 733, 0, 5242.4598, 7.10394
0.28383333008275813, 729, 0, 5242.4598, 7.24792
0.28467632410212618, 737, 0, 5242.4598, 7.28649
0.28515479513339936, 727, 0, 5242.4598, 7.20405
0.28779232742311583, 729, 0, 5242.4598, 7.25449
0.28825536243216532, 739, 0, 5242.4598, 7.31095
0.28830767989320749, 741, 0, 5242.4598, 7.31032
0.28836078929137382, 758, 1.1045800580830296e-05, 5242.4598, 7.29982
0.28857767150007457, 756, 1.1045800580830296e-05, 5242.4598, 7.36824
0.28943886363743682, 740, 1.1045800580830296e-05, 5242.4598, 7.24885
0.28965452111182494, 766, 1.1045800580830296e-05, 5242.4598, 7.43191
0.28967398787741416, 774, 1.1045800580830296e-05, 5242.4598, 7.33696
0.28999307393566726, 780, 1.1045800580830296e-05, 5242.4598, 7.38179
0.29074328543962347, 782, 1.1045800580830296e-05, 5242.4598, 7.39806
0.2910617915881023, 792, 1.1045800580830296e-05, 5242.4598, 7.47545
0.29265143272626748, 794, 1.1045800580830296e-05, 5242.4598, 7.48696
0.29358924565365135, 1102, 0, 5242.4598, 9.22526
0.29730766979216527, 1092, 0, 5242.4598, 9.19205
0.29734508797686643, 1098, 0, 5242.4598, 9.24089
0.29740607738021624, 977, 0, 5242.4598, 8.34997
0.29750150409364279, 975, 0, 5242.4598, 8.35389
0.2989968718215843, 977, 0, 5242.4598, 8.36442
0.29912693124730483, 908, 0, 5242.4598, 8.00827
0.30087115069184772, 925, 0, 5242.4598, 7.85782
0.3014050402657435, 1095, 0, 5242.4598, 9.00418
0.30195114827451197, 957, 0, 5242.4598, 8.37826
0.30368748383756589, 971, 0, 5242.4598, 8.4907
0.30477955700184178, 934, 0, 5242.4598, 8.12364
0.30524850616683102, 866, 0, 5242.4598, 7.85284
0.30540958430015946, 892, 0, 5242.4598, 7.87761
0.30616806204162361, 894, 0, 5242.4598, 7.88832
0.30775836980013632, 904, 0, 5242.4598, 7.93472
0.30878434129094245, 896, 0, 5242.4598, 7.86925
0.3096873295151199, 906, 0, 5242.4598, 7.91505
0.3099101411495539, 1105, 0, 5242.4598, 8.85837
0.31045508236420638, 1095, 0, 5242.4598, 8.85491
0.31050118332166199, 1091, 0, 5242.4598, 8.83948
0.31054989051410303, 985, 0, 5242.4598, 8.57272
0.31200120857568375, 1059, 0, 5242.4598, 9.22068
0.31250355201306323, 1125, 0, 5242.4598, 9.26083
0.31331592522345036, 1109, 0, 5242.4598, 8.90336
0.31584427259064157, 1127, 0, 5242.4598, 9.37185
0.31584851295978339, 941, 0, 5242.4598, 8.68475
0.31688571691093215, 943, 0, 5242.4598, 8.68049
0.31906048624907779, 951, 0, 5242.4598, 8.72552
0.31957450303985863, 1027, 0, 5242.4598, 8.49764
0.31991734964972901, 919, 0, 5242.4598, 8.57616
0.32066500866390479, 941, 0, 5242.4598, 8.64241
0.32076232341877242, 927, 0, 5242.4598, 8.4357
0.32161528989751598, 869, 0, 5242.4598, 7.92022
0.32266971746371415, 873, 0, 5242.4598, 7.90827
0.32283305388407213, 875, 0, 5242.4598, 7.87585
0.32313243465799441, 879, 0, 5242.4598, 7.88809
0.32376080795463985, 891, 0, 5242.4598, 7.97533
0.32416309715929253, 841, 0, 5242.4598, 7.65368
0.32512509482066143, 1194, 0, 5242.4598, 9.93584
0.32532000961506735, 1191, 0, 5242.4598, 9.54636
0.32593977426117088, 1130, 0, 5242.4598, 9.32059
0.32696488855947781, 1137, 0, 5242.4598, 9.26587
0.32757805328981904, 953, 0, 5242.4598, 7.74659
0.32933126995108791, 1115, 0, 5242.4598, 9.01897
0.32983020553445297, 1102, 0, 5242.4598, 9.15593
0.330362940896268, 1126, 0, 5242.4598, 9.30156
0.33062774607384371, 1108, 0, 5242.4598, 9.19469
0.33329886649621931, 962, 0, 5242.4598, 8.1822
0.33365500249503832, 1110, 0, 5242.4598, 9.17063
0.33415915593166012, 1109, 0, 5242.4598, 9.02814
0.33430367853322457, 1115, 0, 5242.4598, 8.92213
0.33493737437157084, 1129, 0, 5242.4598, 9.0045
0.33592511065874842, 1115, 0, 5242.4598, 8.94235
0.33614408419032482, 884, 0, 5242.4598, 7.99278
0.33733860586911657, 886, 0, 5242.4598, 8.00388
0.33754191918622822, 1075, 0, 5242.4598, 8.8795
0.33880213958394062, 1079, 0, 5242.4598, 8.87897
0.34000048247433828, 1003, 0, 5242.4598, 8.34326
0.34112407227470443, 1131, 0, 5242.4598, 9.2796
0.34132401912251059, 1013, 0, 5242.4598, 8.36951
0.34276887311350218, 1042, 0, 5242.4598, 8.82262
0.34401958063810972, 1038, 0, 5242.4598, 8.78922
0.34631316747537982, 1151, 0, 5242.4598, 9.58391
0.34639222511073336, 1145, 0, 5242.4598, 9.47126
0.34714279670839776, 1118, 0, 5242.4598, 9.32379
0.34911759746099802, 1066, 0, 5242.4598, 9.02541
0.34959874828334631, 1058, 0, 5242.4598, 8.99496
0.35109193830365798, 1207, 0, 5242.4598, 9.77131
0.35285991277432399, 1203, 0, 5242.4598, 9.79276
0.35312377002587197, 1205, 0, 5242.4598, 9.84069
0.35367470701549036, 1013, 0, 5242.4598, 8.80692
0.35399523073957007, 951, 0, 5242.4598, 8.55357
0.35438049207780775, 988, 0, 5242.4598, 8.72813
0.3561605207790341, 1133, 0, 5242.4598, 9.2103
0.35632358526974656, 1129, 0, 5242.4598, 9.19432
0.35982453497618516, 1137, 0, 5242.4598, 9.25598
0.36010694479820565, 1244, 0, 5242.4598, 9.98788
0.36206376882825508, 1306, 0, 5242.4598, 10.4423
0.36315294811530258, 1314, 0, 5242.4598, 10.4598
0.3668814902365346, 1320, 0, 5242.4598, 10.491
0.36750907626603929, 933, 0, 5242.4598, 8.44931
0.37016357723429288, 839, 0, 5242.4598, 8.10797
0.37606573743156907, 1310, 0, 5242.4598, 10.5794
0.37610004667834745, 1177, 0, 5242.4598, 9.3483
0.37624312122009523, 1171, 0, 5242.4598, 9.29513
0.37663206095417351, 1173, 0, 5242.4598, 9.27898
0.3780953461210968, 873, 0, 5242.4598, 7.70678
0.38078039348763904, 1086, 0, 5242.4598, 8.66666
0.38245057384934444, 850, 0, 5242.4598, 7.70383
0.38460668438458356, 1201, 0, 5242.4598, 9.43547
0.38574868945618895, 1213, 0, 5242.4598, 9.74683
0.38809548274588535, 1189, 0, 5242.4598, 9.59326
0.38994201710444598, 1364, 0, 5242.4598, 10.2725
0.39358728877699178, 1095, 0, 5242.4598, 8.70674
0.39380684547768935, 1139, 0, 5242.4598, 8.98916
0.39445408937007681, 1116, 0, 5242.4598, 8.88817
0.39496661675937855, 1238, 0, 5242.4598, 9.63795
0.39572755697158368, 1246, 0, 5242.4598, 9.64902
0.39673522809962924, 1257, 0, 5242.4598, 9.70023
0.39814490476611558, 1306, 0, 5242.4598, 10.0409
0.39836573331879227, 1029, 0, 5242.4598, 8.37666
0.4013955177892895, 1202, 0, 5242.4598, 9.66024
0.40187461097914084, 1212, 0, 5242.4598, 9.67203
0.40226605024810064, 1202, 0, 5242.4598, 9.56315
0.40409534236549116, 1050, 0, 5242.4598, 8.84848
0.40608827398802327, 1164, 0, 5242.4598, 9.74108
0.40736100200180619, 931, 0, 5242.4598, 8.1246
0.40979836769890005, 921, 0, 5242.4598, 8.05268
0.4103650574275256, 891, 0, 5242.4598, 7.66288
0.41208090688096632, 889, 0, 5242.4598, 7.63639
0.41395255737076642, 891, 0, 5242.4598, 7.68342
0.41915468378580273, 899, 0, 5242.4598, 7.68576
0.41921637484508184, 917, 0, 5242.4598, 7.79624
0.42045259795728696, 1001, 0, 5242.4598, 8.21289
0.42101634271697813, 1251, 0, 5242.4598, 8.34766
0.42236868357666102, 1197, 0, 5242.4598, 9.22617
0.4246404256789747, 1199, 0, 5242.4598, 9.22955
0.42538565725529864, 1201, 0, 5242.4598, 9.21701
0.42546931289014522, 1334, 0, 5242.4598, 9.78511
0.42914612617925835, 1414, 0, 5242.4598, 10.426
0.42979019550975595, 1420, 0, 5242.4598, 10.4108
0.43016586817997837, 1422, 0, 5242.4598, 10.3923
0.4311786398639102, 1404, 0, 5242.4598, 10.2515
0.43280446922894311, 1097, 0, 5242.4598, 8.6189
0.43360740705874151, 1099, 0, 5242.4598, 8.73765
0.43412498081807677, 1107, 0, 5242.4598, 8.7409
0.43571658093213078, 1117, 0, 5242.4598, 8.72991
0.43660496429250228, 1249, 0, 5242.4598, 9.4775
0.44034120094461099, 1257, 0, 5242.4598, 9.1128
0.44324496739854802, 1252, 0, 5242.4598, 9.02909
0.44385957770404211, 1266, 0, 5242.4598, 9.16902
0.44756648040876262, 1276, 0, 5242.4598, 9.18205
0.44831965784162225, 1287, 0, 5242.4598, 9.21543
0.45066690946022742, 1286, 0, 5242.4598, 9.23907
0.45323280637827595, 1299, 0, 5242.4598, 9.26925
0.45438306689626723, 1307, 0, 5242.4598, 9.26819
0.45449438425765254, 1292, 0, 5242.4598, 9.18252
0.45493770083044532, 1307, 0, 5242.4598, 9.31675
0.45731848871446934, 1292, 0, 5242.4598, 9.17548
0.45762836554833658, 1302, 0, 5242.4598, 9.62551
0.45939012564289983, 1244, 0, 5242.4598, 9.23272
0.46108382160646133, 1302, 0, 5242.4598, 9.62822
0.46443523466365555, 1304, 0, 5242.4598, 9.67812
0.46556600252589242, 1298, 0, 5242.4598, 9.62928
0.46670013152570278, 1348, 0, 5242.4598, 9.58214
0.46892169179156656, 1034, 0, 5242.4598, 9.05577
0.47304602213589908, 976, 0, 5242.4598, 8.54159
0.47563260608779151, 982, 0, 5242.4598, 8.59996
0.47601235648107809, 988, 0, 5242.4598, 8.6075
0.47781774168822222, 992, 0, 5242.4598, 8.24072
0.48299855391855667, 1270, 0, 5242.4598, 10.1757
0.48350211497396534, 1250, 0, 5242.4598, 9.943
0.48762661412354869, 1388, 0, 5242.4598, 10.3359
0.48872353994466033, 1368, 0, 5242.4598, 10.2261
0.49063668972286184, 1376, 0, 5242.4598, 10.2958
0.49418568391643264, 1181, 0, 5242.4598, 9.42108
0.49562818891835325, 1359, 0, 5242.4598, 10.0354
0.50090332699062357, 1455, 0, 5242.4598, 10.5175
0.50574171451767547, 1081, 0, 5242.4598, 8.80415
0.50784314779901274, 1202, 0, 5242.4598, 9.59086
0.5094827555962862, 1187, 0, 5242.4598, 9.53885
0.50960804309891872, 1129, 0, 5242.4598, 8.80765
0.50967908542697238, 1281, 0, 5242.4598, 10.115
0.51073385451469167, 1287, 0, 5242.4598, 10.1167
0.51136543799702938, 1269, 0, 5242.4598, 9.80811
0.51374310743482143, 1281, 0, 5242.4598, 10.0996
0.51552700770246596, 1313, 0, 5242.4598, 10.1549
0.51624648254533734, 1291, 0, 5242.4598, 10.0611
0.51685736620770317, 1347, 0, 5242.4598, 10.3222
0.51943830955300141, 1300, 0, 5242.4598, 10.1092
0.52224940109313123, 1474, 0, 5242.4598, 11.1186
0.52376974549705468, 1517, 0, 5242.4598, 11.0866
0.53051424583178153, 1511, 0, 5242.4598, 11.0534
0.53375424251590176, 1455, 0, 5242.4598, 10.8923
0.5341985272844153, 1601, 0, 5242.4598, 11.7433
0.53496412442226404, 1308, 0, 5242.4598, 10.1168
0.53565691978689589, 1296, 0, 5242.4598, 10.0596
0.54384765960885595, 1322, 0, 5242.4598, 10.0292
0.54540246127260827, 1379, 0, 5242.4598, 10.4531
0.54574178952614805, 1397, 0, 5242.4598, 10.6698
0.55598403172899358, 1282, 0, 5242.4598, 10.028
0.55640615649518743, 1262, 0, 5242.4598, 9.83878
0.55771620768777275, 1141, 0, 5242.4598, 9.19271
0.55962874986247002, 1135, 0, 5242.4598, 9.17365
0.56534315677868918, 1137, 0, 5242.4598, 9.18241
0.57654027916821904, 1115, 0, 5242.4598, 9.14771
0.57787255873290855, 1121, 0, 5242.4598, 9.21186
0.57963920807432723, 1093, 0, 5242.4598, 8.95276
0.59810830215690636, 1473, 0, 5242.4598, 10.5265
0.60219430373356275, 1479, 0, 5242.4598, 10.6008
0.6032200597596149, 1537, 0, 5242.4598, 11.0773
0.60540506343441436, 1557, 0, 5242.4598, 11.1013
0.60998659063160487, 1559, 0, 5242.4598, 11.1329
0.61118399328691209, 1561, 0, 5242.4598, 11.1494
0.6131057292466906, 1633, 0, 5242.4598, 11.3938
0.6132969332812922, 1547, 0, 5242.4598, 10.9617
0.61828767195454715, 1515, 0, 5242.4598, 10.7984
0.61990417117589192, 1510, 0, 5242.4598, 10.8141
0.6260819295210559, 1514, 0, 5242.4598, 10.8009
0.63174957466974913, 1143, 0, 5242.4598, 9.27004
0.63401238781812064, 1139, 0, 5242.4598, 9.31708
0.64366105107334004, 1323, 0, 5242.4598, 10.0114
0.64687321070655457, 1662, 0, 5242.4598, 11.9253
0.6470854199801449, 1676, 0, 5242.4598, 11.9293
0.66655266133111535, 1370, 0, 5242.4598, 10.2188
0.66890343300685851, 1354, 0, 5242.4598, 10.1533
0.67537471328171872, 1362, 0, 5242.4598, 10.2103
0.67604766176974451, 1358, 0, 5242.4598, 10.1933
0.67726338662760044, 1352, 0, 5242.4598, 10.1507
0.67908361468597012, 1400, 0, 5242.4598, 10.402
0.68539532436647266, 1269, 0, 5242.4598, 9.81278
0.68811848469219983, 1331, 0, 5242.4598, 10.1809
0.68836714080227279, 1572, 0, 5242.4598, 11.5867
0.69231145219350509, 1624, 0, 5242.4598, 11.4174
0.6947236958809323, 1590, 0, 5242.4598, 11.262
0.69670190284680289, 1615, 0, 5242.4598, 11.3784
0.69913273812425214, 1702, 0, 5242.4598, 11.7787
0.71017236681451834, 1712, 0, 5242.4598, 11.8116
0.71636460741409702, 1444, 0, 5242.4598, 10.8078
0.72962430046262672, 1448, 0, 5242.4598, 10.8334
0.74757246845277647, 1672, 0, 5242.4598, 11.5966
0.74862677895054452, 1518, 0, 5242.4598, 10.7721
0.75118109816903067, 1632, 0, 5242.4598, 11.0967
0.7582654408126499, 1372, 0, 5242.4598, 11.0164
0.76698090972337274, 1380, 0, 5242.4598, 11.0299
0.76699115158664577, 1382, 0, 5242.4598, 11.0696
0.76806945982638286, 1116, 0, 5242.4598, 8.83529
0.78989973198829833, 1266, 0, 5242.4598, 9.72653
0.79271154307792258, 1212, 0, 5242.4598, 9.12676
0.80357272367193089, 1224, 0, 5242.4598, 9.19493
0.81480823344201792, 1237, 0, 5242.4598, 9.85697
0.81483555125237705, 1323, 0, 5242.4598, 10.4366
0.83855216984171943, 1345, 0, 5242.4598, 9.90551
0.8483522615406206, 1329, 0, 5242.4598, 9.93121
0.85022484293761202, 1317, 0, 5242.4598, 9.88589
0.87393707890226224, 1283, 0, 5242.4598, 9.91401
0.88121743990992718, 1409, 0, 5242.4598, 10.4733
0.89788882767952227, 1411, 0, 5242.4598, 10.4763
0.89996444070306503, 1301, 0, 5242.4598, 9.87199
0.90228175511472464, 1303, 0, 5242.4598, 10.0072
0.9052492790567902, 1287, 0, 5242.4598, 9.88245
0.90863321187143209, 1329, 0, 5242.4598, 10.1451
0.92695810108799381, 1331, 0, 5242.4598, 10.1207
0.94078540933632637, 1317, 0, 5242.4598, 10.0058
0.95281626571637923, 1195, 0, 5242.4598, 9.21695
0.95550873751870335, 1467, 0, 5242.4598, 11.3522
0.95779702337032002, 1311, 0, 5242.4598, 10.0289
0.96564220175522453, 1335, 0, 5242.4598, 10.1092
0.97976169762735921, 1351, 0, 5242.4598, 10.2044
0.9837690945063734, 1387, 0, 5242.4598, 10.4144
0.98563520151891848, 1397, 0, 5242.4598, 10.4969
0.99939736187395878, 1393, 0, 5242.4598, 10.4874
